<?xml version="1.0" encoding="UTF-8"?>
<logger class="Ruby.BRLogger" datetime="Sat Jun 03 00:09:11 EAT 2017">
<event realm="sms" datetime="Sat Jun 03 00:09:11 EAT 2017">
    <error>
        <class>SQLRecoverableException</class>
        <message>[ IO Error: The Network Adapter could not establish the connection ]</message>
        <stacktrace>
            at oracle.jdbc.driver.T4CConnection.logon(T4CConnection.java:673)
            at oracle.jdbc.driver.PhysicalConnection.<init>(PhysicalConnection.java:715)
            at oracle.jdbc.driver.T4CConnection.<init>(T4CConnection.java:385)
            at oracle.jdbc.driver.T4CDriverExtension.getConnection(T4CDriverExtension.java:30)
            at oracle.jdbc.driver.OracleDriver.connect(OracleDriver.java:564)
            at java.sql.DriverManager.getConnection(DriverManager.java:664)
            at java.sql.DriverManager.getConnection(DriverManager.java:247)
            at Ruby.TDClient.connectToDB(TDClient.java:79)
            at Ruby.TDClient.checkConnection(TDClient.java:195)
            at Ruby.TDClient.executeUpdate(TDClient.java:208)
            at Ruby.TDClient.expireOldAlerts(TDClient.java:1889)
            at Ruby.sms.MXProcessor.run(MXProcessor.java:43)
        </stacktrace>
    </error>
</event>
<event realm="sms" datetime="Sat Jun 03 10:27:47 EAT 2017">
    <error>
        <class>InterruptedException</class>
        <message>[ sleep interrupted ]</message>
        <stacktrace>
            at java.lang.Thread.sleep(Native Method)
            at Ruby.sms.MXProcessor.run(MXProcessor.java:48)
        </stacktrace>
    </error>
</event>
<event realm="sms" datetime="Sat Jun 03 10:50:21 EAT 2017">
    <error>
        <class>InterruptedException</class>
        <message>[ sleep interrupted ]</message>
        <stacktrace>
            at java.lang.Thread.sleep(Native Method)
            at Ruby.sms.MXProcessor.run(MXProcessor.java:48)
        </stacktrace>
    </error>
</event>
<event realm="sms" datetime="Sat Jun 03 10:53:54 EAT 2017">
    <error>
        <class>InterruptedException</class>
        <message>[ sleep interrupted ]</message>
        <stacktrace>
            at java.lang.Thread.sleep(Native Method)
            at Ruby.sms.MXProcessor.run(MXProcessor.java:48)
        </stacktrace>
    </error>
</event>
<event realm="sms" datetime="Sat Jun 03 11:11:42 EAT 2017">
    <error>
        <class>InterruptedException</class>
        <message>[ sleep interrupted ]</message>
        <stacktrace>
            at java.lang.Thread.sleep(Native Method)
            at Ruby.sms.MXProcessor.run(MXProcessor.java:48)
        </stacktrace>
    </error>
</event>
<event realm="sms" datetime="Sat Jun 03 11:12:29 EAT 2017">
    <error>
        <class>InterruptedException</class>
        <message>[ sleep interrupted ]</message>
        <stacktrace>
            at java.lang.Thread.sleep(Native Method)
            at Ruby.sms.MXProcessor.run(MXProcessor.java:48)
        </stacktrace>
    </error>
</event>
<event realm="sms" datetime="Sat Jun 03 11:20:16 EAT 2017">
    <error>
        <class>InterruptedException</class>
        <message>[ sleep interrupted ]</message>
        <stacktrace>
            at java.lang.Thread.sleep(Native Method)
            at Ruby.sms.MXProcessor.run(MXProcessor.java:48)
        </stacktrace>
    </error>
</event>
<event realm="sms" datetime="Sat Jun 03 11:24:11 EAT 2017">
    <error>
        <class>InterruptedException</class>
        <message>[ sleep interrupted ]</message>
        <stacktrace>
            at java.lang.Thread.sleep(Native Method)
            at Ruby.sms.MXProcessor.run(MXProcessor.java:48)
        </stacktrace>
    </error>
</event>
<event realm="sms" datetime="Sat Jun 03 11:41:18 EAT 2017">
    <error>
        <class>InterruptedException</class>
        <message>[ sleep interrupted ]</message>
        <stacktrace>
            at java.lang.Thread.sleep(Native Method)
            at Ruby.sms.MXProcessor.run(MXProcessor.java:48)
        </stacktrace>
    </error>
</event>
<event realm="sms" datetime="Sat Jun 03 12:10:44 EAT 2017">
    <error>
        <class>InterruptedException</class>
        <message>[ sleep interrupted ]</message>
        <stacktrace>
            at java.lang.Thread.sleep(Native Method)
            at Ruby.sms.MXProcessor.run(MXProcessor.java:48)
        </stacktrace>
    </error>
</event>
<event realm="sms" datetime="Sat Jun 03 12:15:56 EAT 2017">
    <error>
        <class>InterruptedException</class>
        <message>[ sleep interrupted ]</message>
        <stacktrace>
            at java.lang.Thread.sleep(Native Method)
            at Ruby.sms.MXProcessor.run(MXProcessor.java:48)
        </stacktrace>
    </error>
</event>
<event realm="sms" datetime="Sat Jun 03 12:30:48 EAT 2017">
    <error>
        <class>InterruptedException</class>
        <message>[ sleep interrupted ]</message>
        <stacktrace>
            at java.lang.Thread.sleep(Native Method)
            at Ruby.sms.MXProcessor.run(MXProcessor.java:48)
        </stacktrace>
    </error>
</event>
<event realm="sms" datetime="Sat Jun 03 12:53:51 EAT 2017">
    <error>
        <class>InterruptedException</class>
        <message>[ sleep interrupted ]</message>
        <stacktrace>
            at java.lang.Thread.sleep(Native Method)
            at Ruby.sms.MXProcessor.run(MXProcessor.java:48)
        </stacktrace>
    </error>
</event>
<event realm="sms" datetime="Sat Jun 03 12:59:05 EAT 2017">
    <error>
        <class>InterruptedException</class>
        <message>[ sleep interrupted ]</message>
        <stacktrace>
            at java.lang.Thread.sleep(Native Method)
            at Ruby.sms.MXProcessor.run(MXProcessor.java:48)
        </stacktrace>
    </error>
</event>
<event realm="sms" datetime="Sat Jun 03 13:15:28 EAT 2017">
    <error>
        <class>InterruptedException</class>
        <message>[ sleep interrupted ]</message>
        <stacktrace>
            at java.lang.Thread.sleep(Native Method)
            at Ruby.sms.MXProcessor.run(MXProcessor.java:48)
        </stacktrace>
    </error>
</event>
<event realm="sms" datetime="Sat Jun 03 13:22:04 EAT 2017">
    <error>
        <class>InterruptedException</class>
        <message>[ sleep interrupted ]</message>
        <stacktrace>
            at java.lang.Thread.sleep(Native Method)
            at Ruby.sms.MXProcessor.run(MXProcessor.java:48)
        </stacktrace>
    </error>
</event>
<event realm="sms" datetime="Sat Jun 03 13:40:58 EAT 2017">
    <error>
        <class>InterruptedException</class>
        <message>[ sleep interrupted ]</message>
        <stacktrace>
            at java.lang.Thread.sleep(Native Method)
            at Ruby.sms.MXProcessor.run(MXProcessor.java:48)
        </stacktrace>
    </error>
</event>
<event realm="sms" datetime="Sat Jun 03 14:11:26 EAT 2017">
    <error>
        <class>InterruptedException</class>
        <message>[ sleep interrupted ]</message>
        <stacktrace>
            at java.lang.Thread.sleep(Native Method)
            at Ruby.sms.MXProcessor.run(MXProcessor.java:48)
        </stacktrace>
    </error>
</event>
<event realm="sms" datetime="Sat Jun 03 14:21:05 EAT 2017">
    <error>
        <class>InterruptedException</class>
        <message>[ sleep interrupted ]</message>
        <stacktrace>
            at java.lang.Thread.sleep(Native Method)
            at Ruby.sms.MXProcessor.run(MXProcessor.java:48)
        </stacktrace>
    </error>
</event>
<event realm="sms" datetime="Sat Jun 03 14:23:20 EAT 2017">
    <error>
        <class>InterruptedException</class>
        <message>[ sleep interrupted ]</message>
        <stacktrace>
            at java.lang.Thread.sleep(Native Method)
            at Ruby.sms.MXProcessor.run(MXProcessor.java:48)
        </stacktrace>
    </error>
</event>
<event realm="sms" datetime="Sat Jun 03 14:25:40 EAT 2017">
    <error>
        <class>InterruptedException</class>
        <message>[ sleep interrupted ]</message>
        <stacktrace>
            at java.lang.Thread.sleep(Native Method)
            at Ruby.sms.MXProcessor.run(MXProcessor.java:48)
        </stacktrace>
    </error>
</event>
<event realm="sms" datetime="Sat Jun 03 14:28:55 EAT 2017">
    <error>
        <class>InterruptedException</class>
        <message>[ sleep interrupted ]</message>
        <stacktrace>
            at java.lang.Thread.sleep(Native Method)
            at Ruby.sms.MXProcessor.run(MXProcessor.java:48)
        </stacktrace>
    </error>
</event>
<event realm="sms" datetime="Sat Jun 03 15:00:08 EAT 2017">
    <error>
        <class>InterruptedException</class>
        <message>[ sleep interrupted ]</message>
        <stacktrace>
            at java.lang.Thread.sleep(Native Method)
            at Ruby.sms.MXProcessor.run(MXProcessor.java:48)
        </stacktrace>
    </error>
</event>
<event realm="sms" datetime="Sat Jun 03 15:58:18 EAT 2017">
    <error>
        <class>InterruptedException</class>
        <message>[ sleep interrupted ]</message>
        <stacktrace>
            at java.lang.Thread.sleep(Native Method)
            at Ruby.sms.MXProcessor.run(MXProcessor.java:48)
        </stacktrace>
    </error>
</event>
<event realm="sms" datetime="Sat Jun 03 16:17:32 EAT 2017">
    <error>
        <class>InterruptedException</class>
        <message>[ sleep interrupted ]</message>
        <stacktrace>
            at java.lang.Thread.sleep(Native Method)
            at Ruby.sms.MXProcessor.run(MXProcessor.java:48)
        </stacktrace>
    </error>
</event>
<event realm="sms" datetime="Sat Jun 03 16:24:01 EAT 2017">
    <error>
        <class>InterruptedException</class>
        <message>[ sleep interrupted ]</message>
        <stacktrace>
            at java.lang.Thread.sleep(Native Method)
            at Ruby.sms.MXProcessor.run(MXProcessor.java:48)
        </stacktrace>
    </error>
</event>
</logger>
