<?xml version="1.0" encoding="UTF-8"?>
<logger class="Ruby.BRLogger" datetime="Tue Jun 06 11:55:22 EAT 2017">
<event realm="sms" datetime="Tue Jun 06 11:55:22 EAT 2017">
    <error>
        <class>InterruptedException</class>
        <message>[ sleep interrupted ]</message>
        <stacktrace>
            at java.lang.Thread.sleep(Native Method)
            at Ruby.sms.MXProcessor.run(MXProcessor.java:48)
        </stacktrace>
    </error>
</event>
<event realm="sms" datetime="Tue Jun 06 12:13:11 EAT 2017">
    <error>
        <class>InterruptedException</class>
        <message>[ sleep interrupted ]</message>
        <stacktrace>
            at java.lang.Thread.sleep(Native Method)
            at Ruby.sms.MXProcessor.run(MXProcessor.java:48)
        </stacktrace>
    </error>
</event>
<event realm="sms" datetime="Tue Jun 06 12:27:51 EAT 2017">
    <error>
        <class>InterruptedException</class>
        <message>[ sleep interrupted ]</message>
        <stacktrace>
            at java.lang.Thread.sleep(Native Method)
            at Ruby.sms.MXProcessor.run(MXProcessor.java:48)
        </stacktrace>
    </error>
</event>
<event realm="sms" datetime="Tue Jun 06 12:37:22 EAT 2017">
    <error>
        <class>InterruptedException</class>
        <message>[ sleep interrupted ]</message>
        <stacktrace>
            at java.lang.Thread.sleep(Native Method)
            at Ruby.sms.MXProcessor.run(MXProcessor.java:48)
        </stacktrace>
    </error>
</event>
<event realm="sms" datetime="Tue Jun 06 12:45:45 EAT 2017">
    <error>
        <class>InterruptedException</class>
        <message>[ sleep interrupted ]</message>
        <stacktrace>
            at java.lang.Thread.sleep(Native Method)
            at Ruby.sms.MXProcessor.run(MXProcessor.java:48)
        </stacktrace>
    </error>
</event>
<event realm="sms" datetime="Tue Jun 06 13:09:43 EAT 2017">
    <error>
        <class>InterruptedException</class>
        <message>[ sleep interrupted ]</message>
        <stacktrace>
            at java.lang.Thread.sleep(Native Method)
            at Ruby.sms.MXProcessor.run(MXProcessor.java:48)
        </stacktrace>
    </error>
</event>
<event realm="sms" datetime="Tue Jun 06 13:54:55 EAT 2017">
    <error>
        <class>InterruptedException</class>
        <message>[ sleep interrupted ]</message>
        <stacktrace>
            at java.lang.Thread.sleep(Native Method)
            at Ruby.sms.MXProcessor.run(MXProcessor.java:48)
        </stacktrace>
    </error>
</event>
<event realm="sms" datetime="Tue Jun 06 14:47:49 EAT 2017">
    <error>
        <class>InterruptedException</class>
        <message>[ sleep interrupted ]</message>
        <stacktrace>
            at java.lang.Thread.sleep(Native Method)
            at Ruby.sms.MXProcessor.run(MXProcessor.java:48)
        </stacktrace>
    </error>
</event>
<event realm="sms" datetime="Tue Jun 06 14:53:02 EAT 2017">
    <error>
        <class>InterruptedException</class>
        <message>[ sleep interrupted ]</message>
        <stacktrace>
            at java.lang.Thread.sleep(Native Method)
            at Ruby.sms.MXProcessor.run(MXProcessor.java:48)
        </stacktrace>
    </error>
</event>
<event realm="sms" datetime="Tue Jun 06 14:54:25 EAT 2017">
    <error>
        <class>InterruptedException</class>
        <message>[ sleep interrupted ]</message>
        <stacktrace>
            at java.lang.Thread.sleep(Native Method)
            at Ruby.sms.MXProcessor.run(MXProcessor.java:48)
        </stacktrace>
    </error>
</event>
<event realm="sms" datetime="Tue Jun 06 15:05:18 EAT 2017">
    <error>
        <class>InterruptedException</class>
        <message>[ sleep interrupted ]</message>
        <stacktrace>
            at java.lang.Thread.sleep(Native Method)
            at Ruby.sms.MXProcessor.run(MXProcessor.java:48)
        </stacktrace>
    </error>
</event>
<event realm="sms" datetime="Tue Jun 06 15:08:28 EAT 2017">
    <error>
        <class>InterruptedException</class>
        <message>[ sleep interrupted ]</message>
        <stacktrace>
            at java.lang.Thread.sleep(Native Method)
            at Ruby.sms.MXProcessor.run(MXProcessor.java:48)
        </stacktrace>
    </error>
</event>
<event realm="sms" datetime="Tue Jun 06 15:10:28 EAT 2017">
    <error>
        <class>InterruptedException</class>
        <message>[ sleep interrupted ]</message>
        <stacktrace>
            at java.lang.Thread.sleep(Native Method)
            at Ruby.sms.MXProcessor.run(MXProcessor.java:48)
        </stacktrace>
    </error>
</event>
<event realm="sms" datetime="Tue Jun 06 15:12:12 EAT 2017">
    <error>
        <class>InterruptedException</class>
        <message>[ sleep interrupted ]</message>
        <stacktrace>
            at java.lang.Thread.sleep(Native Method)
            at Ruby.sms.MXProcessor.run(MXProcessor.java:48)
        </stacktrace>
    </error>
</event>
<event realm="sms" datetime="Tue Jun 06 15:40:10 EAT 2017">
    <error>
        <class>InterruptedException</class>
        <message>[ sleep interrupted ]</message>
        <stacktrace>
            at java.lang.Thread.sleep(Native Method)
            at Ruby.sms.MXProcessor.run(MXProcessor.java:48)
        </stacktrace>
    </error>
</event>
<event realm="sms" datetime="Tue Jun 06 15:43:39 EAT 2017">
    <error>
        <class>InterruptedException</class>
        <message>[ sleep interrupted ]</message>
        <stacktrace>
            at java.lang.Thread.sleep(Native Method)
            at Ruby.sms.MXProcessor.run(MXProcessor.java:48)
        </stacktrace>
    </error>
</event>
<event realm="sms" datetime="Tue Jun 06 16:15:45 EAT 2017">
    <error>
        <class>InterruptedException</class>
        <message>[ sleep interrupted ]</message>
        <stacktrace>
            at java.lang.Thread.sleep(Native Method)
            at Ruby.sms.MXProcessor.run(MXProcessor.java:48)
        </stacktrace>
    </error>
</event>
<event realm="sms" datetime="Tue Jun 06 17:19:35 EAT 2017">
    <error>
        <class>InterruptedException</class>
        <message>[ sleep interrupted ]</message>
        <stacktrace>
            at java.lang.Thread.sleep(Native Method)
            at Ruby.sms.MXProcessor.run(MXProcessor.java:48)
        </stacktrace>
    </error>
</event>
<event realm="sms" datetime="Tue Jun 06 17:25:20 EAT 2017">
    <error>
        <class>InterruptedException</class>
        <message>[ sleep interrupted ]</message>
        <stacktrace>
            at java.lang.Thread.sleep(Native Method)
            at Ruby.sms.MXProcessor.run(MXProcessor.java:48)
        </stacktrace>
    </error>
</event>
<event realm="sms" datetime="Tue Jun 06 17:29:15 EAT 2017">
    <error>
        <class>InterruptedException</class>
        <message>[ sleep interrupted ]</message>
        <stacktrace>
            at java.lang.Thread.sleep(Native Method)
            at Ruby.sms.MXProcessor.run(MXProcessor.java:48)
        </stacktrace>
    </error>
</event>
<event realm="sms" datetime="Tue Jun 06 17:31:44 EAT 2017">
    <error>
        <class>InterruptedException</class>
        <message>[ sleep interrupted ]</message>
        <stacktrace>
            at java.lang.Thread.sleep(Native Method)
            at Ruby.sms.MXProcessor.run(MXProcessor.java:48)
        </stacktrace>
    </error>
</event>
<event realm="sms" datetime="Tue Jun 06 17:54:57 EAT 2017">
    <error>
        <class>InterruptedException</class>
        <message>[ sleep interrupted ]</message>
        <stacktrace>
            at java.lang.Thread.sleep(Native Method)
            at Ruby.sms.MXProcessor.run(MXProcessor.java:48)
        </stacktrace>
    </error>
</event>
<event realm="sms" datetime="Tue Jun 06 17:56:50 EAT 2017">
    <error>
        <class>InterruptedException</class>
        <message>[ sleep interrupted ]</message>
        <stacktrace>
            at java.lang.Thread.sleep(Native Method)
            at Ruby.sms.MXProcessor.run(MXProcessor.java:48)
        </stacktrace>
    </error>
</event>
<event realm="sms" datetime="Tue Jun 06 17:57:59 EAT 2017">
    <error>
        <class>InterruptedException</class>
        <message>[ sleep interrupted ]</message>
        <stacktrace>
            at java.lang.Thread.sleep(Native Method)
            at Ruby.sms.MXProcessor.run(MXProcessor.java:48)
        </stacktrace>
    </error>
</event>
<event realm="sms" datetime="Tue Jun 06 18:21:24 EAT 2017">
    <error>
        <class>InterruptedException</class>
        <message>[ sleep interrupted ]</message>
        <stacktrace>
            at java.lang.Thread.sleep(Native Method)
            at Ruby.sms.MXProcessor.run(MXProcessor.java:48)
        </stacktrace>
    </error>
</event>
</logger>
<event realm="sms" datetime="Wed Jun 07 09:38:12 EAT 2017">
    <error>
        <class>InterruptedException</class>
        <message>[ sleep interrupted ]</message>
        <stacktrace>
            at java.lang.Thread.sleep(Native Method)
            at Ruby.sms.MXProcessor.run(MXProcessor.java:48)
        </stacktrace>
    </error>
</event>
<event realm="sms" datetime="Wed Jun 07 09:42:17 EAT 2017">
    <error>
        <class>InterruptedException</class>
        <message>[ sleep interrupted ]</message>
        <stacktrace>
            at java.lang.Thread.sleep(Native Method)
            at Ruby.sms.MXProcessor.run(MXProcessor.java:48)
        </stacktrace>
    </error>
</event>
<event realm="sms" datetime="Wed Jun 07 09:47:50 EAT 2017">
    <error>
        <class>InterruptedException</class>
        <message>[ sleep interrupted ]</message>
        <stacktrace>
            at java.lang.Thread.sleep(Native Method)
            at Ruby.sms.MXProcessor.run(MXProcessor.java:48)
        </stacktrace>
    </error>
</event>
<event realm="sms" datetime="Wed Jun 07 09:50:06 EAT 2017">
    <error>
        <class>InterruptedException</class>
        <message>[ sleep interrupted ]</message>
        <stacktrace>
            at java.lang.Thread.sleep(Native Method)
            at Ruby.sms.MXProcessor.run(MXProcessor.java:48)
        </stacktrace>
    </error>
</event>
<event realm="sms" datetime="Wed Jun 07 09:53:07 EAT 2017">
    <error>
        <class>InterruptedException</class>
        <message>[ sleep interrupted ]</message>
        <stacktrace>
            at java.lang.Thread.sleep(Native Method)
            at Ruby.sms.MXProcessor.run(MXProcessor.java:48)
        </stacktrace>
    </error>
</event>
<event realm="sms" datetime="Wed Jun 07 09:55:19 EAT 2017">
    <error>
        <class>InterruptedException</class>
        <message>[ sleep interrupted ]</message>
        <stacktrace>
            at java.lang.Thread.sleep(Native Method)
            at Ruby.sms.MXProcessor.run(MXProcessor.java:48)
        </stacktrace>
    </error>
</event>
<event realm="sms" datetime="Wed Jun 07 09:57:50 EAT 2017">
    <error>
        <class>InterruptedException</class>
        <message>[ sleep interrupted ]</message>
        <stacktrace>
            at java.lang.Thread.sleep(Native Method)
            at Ruby.sms.MXProcessor.run(MXProcessor.java:48)
        </stacktrace>
    </error>
</event>
<event realm="sms" datetime="Wed Jun 07 09:59:27 EAT 2017">
    <error>
        <class>InterruptedException</class>
        <message>[ sleep interrupted ]</message>
        <stacktrace>
            at java.lang.Thread.sleep(Native Method)
            at Ruby.sms.MXProcessor.run(MXProcessor.java:48)
        </stacktrace>
    </error>
</event>
<event realm="sms" datetime="Wed Jun 07 10:00:48 EAT 2017">
    <error>
        <class>SQLRecoverableException</class>
        <message>[ IO Error: The Network Adapter could not establish the connection ]</message>
        <stacktrace>
            at oracle.jdbc.driver.T4CConnection.logon(T4CConnection.java:673)
            at oracle.jdbc.driver.PhysicalConnection.<init>(PhysicalConnection.java:715)
            at oracle.jdbc.driver.T4CConnection.<init>(T4CConnection.java:385)
            at oracle.jdbc.driver.T4CDriverExtension.getConnection(T4CDriverExtension.java:30)
            at oracle.jdbc.driver.OracleDriver.connect(OracleDriver.java:564)
            at java.sql.DriverManager.getConnection(DriverManager.java:664)
            at java.sql.DriverManager.getConnection(DriverManager.java:247)
            at Ruby.TDClient.connectToDB(TDClient.java:78)
            at Ruby.TDClient.checkConnection(TDClient.java:194)
            at Ruby.TDClient.executeQuery(TDClient.java:158)
            at Ruby.TDClient.executeQueryToResultSet(TDClient.java:101)
            at Ruby.TDClient.querySettings(TDClient.java:1070)
            at Ruby.sms.MXController.configure(MXController.java:49)
            at Ruby.sms.MXController.initialize(MXController.java:40)
            at Ruby.BRMain.setControllers(BRMain.java:182)
            at Ruby.BRMain.initialize(BRMain.java:83)
            at Ruby.BRMain.execute(BRMain.java:58)
            at Ruby.BRMain.main(BRMain.java:51)
        </stacktrace>
    </error>
</event>
<event realm="sms" datetime="Wed Jun 07 10:00:48 EAT 2017">
    <error>
        <class>NullPointerException</class>
        <message>[ null ]</message>
        <stacktrace>
            at Ruby.TDClient.querySettings(TDClient.java:1072)
            at Ruby.sms.MXController.configure(MXController.java:49)
            at Ruby.sms.MXController.initialize(MXController.java:40)
            at Ruby.BRMain.setControllers(BRMain.java:182)
            at Ruby.BRMain.initialize(BRMain.java:83)
            at Ruby.BRMain.execute(BRMain.java:58)
            at Ruby.BRMain.main(BRMain.java:51)
        </stacktrace>
    </error>
</event>
<event realm="sms" datetime="Wed Jun 07 10:00:48 EAT 2017">
    <error>
        <class>SQLRecoverableException</class>
        <message>[ IO Error: The Network Adapter could not establish the connection ]</message>
        <stacktrace>
            at oracle.jdbc.driver.T4CConnection.logon(T4CConnection.java:673)
            at oracle.jdbc.driver.PhysicalConnection.<init>(PhysicalConnection.java:715)
            at oracle.jdbc.driver.T4CConnection.<init>(T4CConnection.java:385)
            at oracle.jdbc.driver.T4CDriverExtension.getConnection(T4CDriverExtension.java:30)
            at oracle.jdbc.driver.OracleDriver.connect(OracleDriver.java:564)
            at java.sql.DriverManager.getConnection(DriverManager.java:664)
            at java.sql.DriverManager.getConnection(DriverManager.java:247)
            at Ruby.TDClient.connectToDB(TDClient.java:78)
            at Ruby.TDClient.checkConnection(TDClient.java:194)
            at Ruby.TDClient.executeUpdate(TDClient.java:207)
            at Ruby.TDClient.saveSetting(TDClient.java:929)
            at Ruby.TDClient.saveSetting(TDClient.java:918)
            at Ruby.sms.MXController.configure(MXController.java:60)
            at Ruby.sms.MXController.initialize(MXController.java:40)
            at Ruby.BRMain.setControllers(BRMain.java:182)
            at Ruby.BRMain.initialize(BRMain.java:83)
            at Ruby.BRMain.execute(BRMain.java:58)
            at Ruby.BRMain.main(BRMain.java:51)
        </stacktrace>
    </error>
</event>
<event realm="sms" datetime="Wed Jun 07 10:00:48 EAT 2017">
    <error>
        <class>SQLRecoverableException</class>
        <message>[ IO Error: The Network Adapter could not establish the connection ]</message>
        <stacktrace>
            at oracle.jdbc.driver.T4CConnection.logon(T4CConnection.java:673)
            at oracle.jdbc.driver.PhysicalConnection.<init>(PhysicalConnection.java:715)
            at oracle.jdbc.driver.T4CConnection.<init>(T4CConnection.java:385)
            at oracle.jdbc.driver.T4CDriverExtension.getConnection(T4CDriverExtension.java:30)
            at oracle.jdbc.driver.OracleDriver.connect(OracleDriver.java:564)
            at java.sql.DriverManager.getConnection(DriverManager.java:664)
            at java.sql.DriverManager.getConnection(DriverManager.java:247)
            at Ruby.TDClient.connectToDB(TDClient.java:78)
            at Ruby.TDClient.checkConnection(TDClient.java:194)
            at Ruby.TDClient.executeUpdate(TDClient.java:207)
            at Ruby.TDClient.saveSetting(TDClient.java:929)
            at Ruby.TDClient.saveSetting(TDClient.java:918)
            at Ruby.sms.MXController.configure(MXController.java:60)
            at Ruby.sms.MXController.initialize(MXController.java:40)
            at Ruby.BRMain.setControllers(BRMain.java:182)
            at Ruby.BRMain.initialize(BRMain.java:83)
            at Ruby.BRMain.execute(BRMain.java:58)
            at Ruby.BRMain.main(BRMain.java:51)
        </stacktrace>
    </error>
</event>
<event realm="sms" datetime="Wed Jun 07 10:00:48 EAT 2017">
    <error>
        <class>SQLRecoverableException</class>
        <message>[ IO Error: The Network Adapter could not establish the connection ]</message>
        <stacktrace>
            at oracle.jdbc.driver.T4CConnection.logon(T4CConnection.java:673)
            at oracle.jdbc.driver.PhysicalConnection.<init>(PhysicalConnection.java:715)
            at oracle.jdbc.driver.T4CConnection.<init>(T4CConnection.java:385)
            at oracle.jdbc.driver.T4CDriverExtension.getConnection(T4CDriverExtension.java:30)
            at oracle.jdbc.driver.OracleDriver.connect(OracleDriver.java:564)
            at java.sql.DriverManager.getConnection(DriverManager.java:664)
            at java.sql.DriverManager.getConnection(DriverManager.java:247)
            at Ruby.TDClient.connectToDB(TDClient.java:78)
            at Ruby.TDClient.checkConnection(TDClient.java:194)
            at Ruby.TDClient.executeUpdate(TDClient.java:207)
            at Ruby.TDClient.saveSetting(TDClient.java:929)
            at Ruby.TDClient.saveSetting(TDClient.java:918)
            at Ruby.sms.MXController.configure(MXController.java:60)
            at Ruby.sms.MXController.initialize(MXController.java:40)
            at Ruby.BRMain.setControllers(BRMain.java:182)
            at Ruby.BRMain.initialize(BRMain.java:83)
            at Ruby.BRMain.execute(BRMain.java:58)
            at Ruby.BRMain.main(BRMain.java:51)
        </stacktrace>
    </error>
</event>
<event realm="sms" datetime="Wed Jun 07 10:00:49 EAT 2017">
    <error>
        <class>SQLRecoverableException</class>
        <message>[ IO Error: The Network Adapter could not establish the connection ]</message>
        <stacktrace>
            at oracle.jdbc.driver.T4CConnection.logon(T4CConnection.java:673)
            at oracle.jdbc.driver.PhysicalConnection.<init>(PhysicalConnection.java:715)
            at oracle.jdbc.driver.T4CConnection.<init>(T4CConnection.java:385)
            at oracle.jdbc.driver.T4CDriverExtension.getConnection(T4CDriverExtension.java:30)
            at oracle.jdbc.driver.OracleDriver.connect(OracleDriver.java:564)
            at java.sql.DriverManager.getConnection(DriverManager.java:664)
            at java.sql.DriverManager.getConnection(DriverManager.java:247)
            at Ruby.TDClient.connectToDB(TDClient.java:78)
            at Ruby.TDClient.checkConnection(TDClient.java:194)
            at Ruby.TDClient.executeQuery(TDClient.java:158)
            at Ruby.TDClient.executeQueryToArray(TDClient.java:96)
            at Ruby.TDClient.queryProducts(TDClient.java:1748)
            at Ruby.sms.MXTree.setProductsTree(MXTree.java:140)
            at Ruby.sms.MXTree.<init>(MXTree.java:131)
            at Ruby.sms.MXPanel.initComponents(MXPanel.java:76)
            at Ruby.sms.MXPanel.<init>(MXPanel.java:43)
            at Ruby.BRFrame.<init>(BRFrame.java:1138)
            at Ruby.BRMain.displayWindow(BRMain.java:143)
            at Ruby.BRMain.execute(BRMain.java:59)
            at Ruby.BRMain.main(BRMain.java:51)
        </stacktrace>
    </error>
</event>
<event realm="sms" datetime="Wed Jun 07 10:00:49 EAT 2017">
    <error>
        <class>SQLRecoverableException</class>
        <message>[ IO Error: The Network Adapter could not establish the connection ]</message>
        <stacktrace>
            at oracle.jdbc.driver.T4CConnection.logon(T4CConnection.java:673)
            at oracle.jdbc.driver.PhysicalConnection.<init>(PhysicalConnection.java:715)
            at oracle.jdbc.driver.T4CConnection.<init>(T4CConnection.java:385)
            at oracle.jdbc.driver.T4CDriverExtension.getConnection(T4CDriverExtension.java:30)
            at oracle.jdbc.driver.OracleDriver.connect(OracleDriver.java:564)
            at java.sql.DriverManager.getConnection(DriverManager.java:664)
            at java.sql.DriverManager.getConnection(DriverManager.java:247)
            at Ruby.TDClient.connectToDB(TDClient.java:78)
            at Ruby.TDClient.checkConnection(TDClient.java:194)
            at Ruby.TDClient.executeQuery(TDClient.java:158)
            at Ruby.TDClient.executeQueryToResultSet(TDClient.java:101)
            at Ruby.TDClient.queryCharges(TDClient.java:1972)
            at Ruby.TCPanel.setChargeTree(TCPanel.java:820)
            at Ruby.TCPanel.<init>(TCPanel.java:56)
            at Ruby.BRFrame.<init>(BRFrame.java:1142)
            at Ruby.BRMain.displayWindow(BRMain.java:143)
            at Ruby.BRMain.execute(BRMain.java:59)
            at Ruby.BRMain.main(BRMain.java:51)
        </stacktrace>
    </error>
</event>
<event realm="sms" datetime="Wed Jun 07 10:00:49 EAT 2017">
    <error>
        <class>NullPointerException</class>
        <message>[ null ]</message>
        <stacktrace>
            at Ruby.TDClient.queryCharges(TDClient.java:1974)
            at Ruby.TCPanel.setChargeTree(TCPanel.java:820)
            at Ruby.TCPanel.<init>(TCPanel.java:56)
            at Ruby.BRFrame.<init>(BRFrame.java:1142)
            at Ruby.BRMain.displayWindow(BRMain.java:143)
            at Ruby.BRMain.execute(BRMain.java:59)
            at Ruby.BRMain.main(BRMain.java:51)
        </stacktrace>
    </error>
</event>
<event realm="sms" datetime="Wed Jun 07 10:00:49 EAT 2017">
    <error>
        <class>SQLRecoverableException</class>
        <message>[ IO Error: The Network Adapter could not establish the connection ]</message>
        <stacktrace>
            at oracle.jdbc.driver.T4CConnection.logon(T4CConnection.java:673)
            at oracle.jdbc.driver.PhysicalConnection.<init>(PhysicalConnection.java:715)
            at oracle.jdbc.driver.T4CConnection.<init>(T4CConnection.java:385)
            at oracle.jdbc.driver.T4CDriverExtension.getConnection(T4CDriverExtension.java:30)
            at oracle.jdbc.driver.OracleDriver.connect(OracleDriver.java:564)
            at java.sql.DriverManager.getConnection(DriverManager.java:664)
            at java.sql.DriverManager.getConnection(DriverManager.java:247)
            at Ruby.TDClient.connectToDB(TDClient.java:78)
            at Ruby.TDClient.checkConnection(TDClient.java:194)
            at Ruby.TDClient.executeQuery(TDClient.java:158)
            at Ruby.TDClient.executeQueryToResultSet(TDClient.java:101)
            at Ruby.TDClient.queryCurrencies(TDClient.java:1513)
            at Ruby.TCPanel.setCurrencyTree(TCPanel.java:1391)
            at Ruby.TCPanel.setChargeTree(TCPanel.java:831)
            at Ruby.TCPanel.<init>(TCPanel.java:56)
            at Ruby.BRFrame.<init>(BRFrame.java:1142)
            at Ruby.BRMain.displayWindow(BRMain.java:143)
            at Ruby.BRMain.execute(BRMain.java:59)
            at Ruby.BRMain.main(BRMain.java:51)
        </stacktrace>
    </error>
</event>
<event realm="sms" datetime="Wed Jun 07 10:00:49 EAT 2017">
    <error>
        <class>NullPointerException</class>
        <message>[ null ]</message>
        <stacktrace>
            at Ruby.TDClient.queryCurrencies(TDClient.java:1515)
            at Ruby.TCPanel.setCurrencyTree(TCPanel.java:1391)
            at Ruby.TCPanel.setChargeTree(TCPanel.java:831)
            at Ruby.TCPanel.<init>(TCPanel.java:56)
            at Ruby.BRFrame.<init>(BRFrame.java:1142)
            at Ruby.BRMain.displayWindow(BRMain.java:143)
            at Ruby.BRMain.execute(BRMain.java:59)
            at Ruby.BRMain.main(BRMain.java:51)
        </stacktrace>
    </error>
</event>
<event realm="sms" datetime="Wed Jun 07 10:01:38 EAT 2017">
    <error>
        <class>InterruptedException</class>
        <message>[ sleep interrupted ]</message>
        <stacktrace>
            at java.lang.Thread.sleep(Native Method)
            at Ruby.sms.MXProcessor.run(MXProcessor.java:48)
        </stacktrace>
    </error>
</event>
<event realm="sms" datetime="Wed Jun 07 10:05:47 EAT 2017">
    <error>
        <class>InterruptedException</class>
        <message>[ sleep interrupted ]</message>
        <stacktrace>
            at java.lang.Thread.sleep(Native Method)
            at Ruby.sms.MXProcessor.run(MXProcessor.java:48)
        </stacktrace>
    </error>
</event>
<event realm="sms" datetime="Wed Jun 07 10:12:40 EAT 2017">
    <error>
        <class>InterruptedException</class>
        <message>[ sleep interrupted ]</message>
        <stacktrace>
            at java.lang.Thread.sleep(Native Method)
            at Ruby.sms.MXProcessor.run(MXProcessor.java:48)
        </stacktrace>
    </error>
</event>
<event realm="sms" datetime="Wed Jun 07 10:12:47 EAT 2017">
    <info>SELECT CRNCY_ID, CRNCY_CD, INITCAP(CRNCY_NM) AS CRNCY_NM, CRNCY_POSN FROM STAGING.CURRENCY WHERE REC_ST='A' ORDER BY CRNCY_ID</info>
</event>
<event realm="sms" datetime="Wed Jun 07 10:12:47 EAT 2017">
    <info>SELECT CODE, VALUE, MODULE, DESCRIPTION, MODIFIED_BY, DATE_MODIFIED FROM CHANNELMANAGER.MBR_SETTING WHERE MODULE='SMS' ORDER BY CODE ASC</info>
</event>
<event realm="sms" datetime="Wed Jun 07 10:12:47 EAT 2017">
    <info>SELECT CHARGE_CODE, CHARGE_DESC, CHARGE_ACCOUNT, CHARGE_LEDGER, TAX_LEDGER, TAX_PERC, TAX_NAME, MODULE, MODIFIED_BY, DATE_MODIFIED, REC_ST FROM CHANNELMANAGER.MBR_CHARGE WHERE CHANNEL_ID=13 AND MODULE='SMS' ORDER BY CHARGE_CODE ASC</info>
</event>
<event realm="sms" datetime="Wed Jun 07 10:12:47 EAT 2017">
    <info>SELECT ALERT_CODE, ALERT_TYPE, ALERT_DESC, PRIORITY, MIN_AMT, RUN_TIME, CHRG_CODE, FREQUENCY, NEXT_DATE, LAST_DATE, EXPIRY_DATE, FILTER_BY, REC_ST FROM CHANNELMANAGER.MBR_ALERT ORDER BY ALERT_CODE ASC</info>
</event>
<event realm="sms" datetime="Wed Jun 07 10:12:47 EAT 2017">
    <info>SELECT CRNCY_ID, CRNCY_CD, INITCAP(CRNCY_NM) AS CRNCY_NM, CRNCY_POSN FROM STAGING.CURRENCY WHERE REC_ST='A' ORDER BY CRNCY_ID</info>
</event>
<event realm="sms" datetime="Wed Jun 07 10:12:47 EAT 2017">
    <info>SELECT PROD_ID, PROD_DESC FROM STAGING.PRODUCT WHERE REC_ST='A' ORDER BY PROD_ID</info>
</event>
<event realm="sms" datetime="Wed Jun 07 10:12:48 EAT 2017">
    <info>SELECT CRNCY_ID, CRNCY_CD, INITCAP(CRNCY_NM) AS CRNCY_NM, CRNCY_POSN FROM STAGING.CURRENCY WHERE REC_ST='A' ORDER BY CRNCY_ID</info>
</event>
<event realm="sms" datetime="Wed Jun 07 10:12:48 EAT 2017">
    <info>SELECT CHARGE_CODE, CHARGE_DESC, CHARGE_ACCOUNT, CHARGE_LEDGER, TAX_LEDGER, TAX_PERC, TAX_NAME, MODULE, MODIFIED_BY, DATE_MODIFIED, REC_ST FROM CHANNELMANAGER.MBR_CHARGE WHERE CHANNEL_ID=13 AND MODULE='SMS' ORDER BY CHARGE_CODE ASC</info>
</event>
<event realm="sms" datetime="Wed Jun 07 10:12:48 EAT 2017">
    <info>SELECT CRNCY_ID, CRNCY_CD, INITCAP(CRNCY_NM) AS CRNCY_NM, CRNCY_POSN FROM STAGING.CURRENCY WHERE REC_ST='A' ORDER BY CRNCY_ID</info>
</event>
<event realm="sms" datetime="Wed Jun 07 10:13:29 EAT 2017">
    <error>
        <class>InterruptedException</class>
        <message>[ sleep interrupted ]</message>
        <stacktrace>
            at java.lang.Thread.sleep(Native Method)
            at Ruby.sms.MXProcessor.run(MXProcessor.java:48)
        </stacktrace>
    </error>
</event>
<event realm="sms" datetime="Wed Jun 07 10:13:42 EAT 2017">
    <info>SELECT CRNCY_ID, CRNCY_CD, INITCAP(CRNCY_NM) AS CRNCY_NM, CRNCY_POSN FROM STAGING.CURRENCY WHERE REC_ST='A' ORDER BY CRNCY_ID</info>
</event>
<event realm="sms" datetime="Wed Jun 07 10:13:42 EAT 2017">
    <info>SELECT CODE, VALUE, MODULE, DESCRIPTION, MODIFIED_BY, DATE_MODIFIED FROM CHANNELMANAGER.MBR_SETTING WHERE MODULE='SMS' ORDER BY CODE ASC</info>
</event>
<event realm="sms" datetime="Wed Jun 07 10:13:42 EAT 2017">
    <info>SELECT CHARGE_CODE, CHARGE_DESC, CHARGE_ACCOUNT, CHARGE_LEDGER, TAX_LEDGER, TAX_PERC, TAX_NAME, MODULE, MODIFIED_BY, DATE_MODIFIED, REC_ST FROM CHANNELMANAGER.MBR_CHARGE WHERE CHANNEL_ID=13 AND MODULE='SMS' ORDER BY CHARGE_CODE ASC</info>
</event>
<event realm="sms" datetime="Wed Jun 07 10:13:42 EAT 2017">
    <info>SELECT ALERT_CODE, ALERT_TYPE, ALERT_DESC, PRIORITY, MIN_AMT, RUN_TIME, CHRG_CODE, FREQUENCY, NEXT_DATE, LAST_DATE, EXPIRY_DATE, FILTER_BY, REC_ST FROM CHANNELMANAGER.MBR_ALERT ORDER BY ALERT_CODE ASC</info>
</event>
<event realm="sms" datetime="Wed Jun 07 10:13:42 EAT 2017">
    <info>SELECT CRNCY_ID, CRNCY_CD, INITCAP(CRNCY_NM) AS CRNCY_NM, CRNCY_POSN FROM STAGING.CURRENCY WHERE REC_ST='A' ORDER BY CRNCY_ID</info>
</event>
<event realm="sms" datetime="Wed Jun 07 10:13:42 EAT 2017">
    <info>SELECT PROD_ID, PROD_DESC FROM STAGING.PRODUCT WHERE REC_ST='A' ORDER BY PROD_ID</info>
</event>
<event realm="sms" datetime="Wed Jun 07 10:13:43 EAT 2017">
    <info>SELECT CRNCY_ID, CRNCY_CD, INITCAP(CRNCY_NM) AS CRNCY_NM, CRNCY_POSN FROM STAGING.CURRENCY WHERE REC_ST='A' ORDER BY CRNCY_ID</info>
</event>
<event realm="sms" datetime="Wed Jun 07 10:13:43 EAT 2017">
    <info>SELECT CHARGE_CODE, CHARGE_DESC, CHARGE_ACCOUNT, CHARGE_LEDGER, TAX_LEDGER, TAX_PERC, TAX_NAME, MODULE, MODIFIED_BY, DATE_MODIFIED, REC_ST FROM CHANNELMANAGER.MBR_CHARGE WHERE CHANNEL_ID=13 AND MODULE='SMS' ORDER BY CHARGE_CODE ASC</info>
</event>
<event realm="sms" datetime="Wed Jun 07 10:13:43 EAT 2017">
    <info>SELECT CRNCY_ID, CRNCY_CD, INITCAP(CRNCY_NM) AS CRNCY_NM, CRNCY_POSN FROM STAGING.CURRENCY WHERE REC_ST='A' ORDER BY CRNCY_ID</info>
</event>
<event realm="sms" datetime="Wed Jun 07 10:14:11 EAT 2017">
    <error>
        <class>InterruptedException</class>
        <message>[ sleep interrupted ]</message>
        <stacktrace>
            at java.lang.Thread.sleep(Native Method)
            at Ruby.sms.MXProcessor.run(MXProcessor.java:48)
        </stacktrace>
    </error>
</event>
<event realm="sms" datetime="Wed Jun 07 10:14:16 EAT 2017">
    <info>SELECT CRNCY_ID, CRNCY_CD, INITCAP(CRNCY_NM) AS CRNCY_NM, CRNCY_POSN FROM STAGING.CURRENCY WHERE REC_ST='A' ORDER BY CRNCY_ID</info>
</event>
<event realm="sms" datetime="Wed Jun 07 10:14:16 EAT 2017">
    <info>SELECT CODE, VALUE, MODULE, DESCRIPTION, MODIFIED_BY, DATE_MODIFIED FROM CHANNELMANAGER.MBR_SETTING WHERE MODULE='SMS' ORDER BY CODE ASC</info>
</event>
<event realm="sms" datetime="Wed Jun 07 10:14:16 EAT 2017">
    <info>SELECT CHARGE_CODE, CHARGE_DESC, CHARGE_ACCOUNT, CHARGE_LEDGER, TAX_LEDGER, TAX_PERC, TAX_NAME, MODULE, MODIFIED_BY, DATE_MODIFIED, REC_ST FROM CHANNELMANAGER.MBR_CHARGE WHERE CHANNEL_ID=13 AND MODULE='SMS' ORDER BY CHARGE_CODE ASC</info>
</event>
<event realm="sms" datetime="Wed Jun 07 10:14:16 EAT 2017">
    <info>SELECT ALERT_CODE, ALERT_TYPE, ALERT_DESC, PRIORITY, MIN_AMT, RUN_TIME, CHRG_CODE, FREQUENCY, NEXT_DATE, LAST_DATE, EXPIRY_DATE, FILTER_BY, REC_ST FROM CHANNELMANAGER.MBR_ALERT ORDER BY ALERT_CODE ASC</info>
</event>
<event realm="sms" datetime="Wed Jun 07 10:14:16 EAT 2017">
    <info>SELECT CRNCY_ID, CRNCY_CD, INITCAP(CRNCY_NM) AS CRNCY_NM, CRNCY_POSN FROM STAGING.CURRENCY WHERE REC_ST='A' ORDER BY CRNCY_ID</info>
</event>
<event realm="sms" datetime="Wed Jun 07 10:14:16 EAT 2017">
    <info>SELECT PROD_ID, PROD_DESC FROM STAGING.PRODUCT WHERE REC_ST='A' ORDER BY PROD_ID</info>
</event>
<event realm="sms" datetime="Wed Jun 07 10:14:16 EAT 2017">
    <info>SELECT CRNCY_ID, CRNCY_CD, INITCAP(CRNCY_NM) AS CRNCY_NM, CRNCY_POSN FROM STAGING.CURRENCY WHERE REC_ST='A' ORDER BY CRNCY_ID</info>
</event>
<event realm="sms" datetime="Wed Jun 07 10:14:16 EAT 2017">
    <info>SELECT CHARGE_CODE, CHARGE_DESC, CHARGE_ACCOUNT, CHARGE_LEDGER, TAX_LEDGER, TAX_PERC, TAX_NAME, MODULE, MODIFIED_BY, DATE_MODIFIED, REC_ST FROM CHANNELMANAGER.MBR_CHARGE WHERE CHANNEL_ID=13 AND MODULE='SMS' ORDER BY CHARGE_CODE ASC</info>
</event>
<event realm="sms" datetime="Wed Jun 07 10:14:16 EAT 2017">
    <info>SELECT CRNCY_ID, CRNCY_CD, INITCAP(CRNCY_NM) AS CRNCY_NM, CRNCY_POSN FROM STAGING.CURRENCY WHERE REC_ST='A' ORDER BY CRNCY_ID</info>
</event>
<event realm="sms" datetime="Wed Jun 07 10:16:16 EAT 2017">
    <error>
        <class>InterruptedException</class>
        <message>[ sleep interrupted ]</message>
        <stacktrace>
            at java.lang.Thread.sleep(Native Method)
            at Ruby.sms.MXProcessor.run(MXProcessor.java:48)
        </stacktrace>
    </error>
</event>
<event realm="sms" datetime="Wed Jun 07 10:16:22 EAT 2017">
    <info>SELECT CRNCY_ID, CRNCY_CD, INITCAP(CRNCY_NM) AS CRNCY_NM, CRNCY_POSN FROM STAGING.CURRENCY WHERE REC_ST='A' ORDER BY CRNCY_ID</info>
</event>
<event realm="sms" datetime="Wed Jun 07 10:16:22 EAT 2017">
    <info>SELECT CODE, VALUE, MODULE, DESCRIPTION, MODIFIED_BY, DATE_MODIFIED FROM CHANNELMANAGER.MBR_SETTING WHERE MODULE='SMS' ORDER BY CODE ASC</info>
</event>
<event realm="sms" datetime="Wed Jun 07 10:16:22 EAT 2017">
    <info>SELECT CHARGE_CODE, CHARGE_DESC, CHARGE_ACCOUNT, CHARGE_LEDGER, TAX_LEDGER, TAX_PERC, TAX_NAME, MODULE, MODIFIED_BY, DATE_MODIFIED, REC_ST FROM CHANNELMANAGER.MBR_CHARGE WHERE CHANNEL_ID=13 AND MODULE='SMS' ORDER BY CHARGE_CODE ASC</info>
</event>
<event realm="sms" datetime="Wed Jun 07 10:16:22 EAT 2017">
    <info>SELECT ALERT_CODE, ALERT_TYPE, ALERT_DESC, PRIORITY, MIN_AMT, RUN_TIME, CHRG_CODE, FREQUENCY, NEXT_DATE, LAST_DATE, EXPIRY_DATE, FILTER_BY, REC_ST FROM CHANNELMANAGER.MBR_ALERT ORDER BY ALERT_CODE ASC</info>
</event>
<event realm="sms" datetime="Wed Jun 07 10:16:23 EAT 2017">
    <info>SELECT CRNCY_ID, CRNCY_CD, INITCAP(CRNCY_NM) AS CRNCY_NM, CRNCY_POSN FROM STAGING.CURRENCY WHERE REC_ST='A' ORDER BY CRNCY_ID</info>
</event>
<event realm="sms" datetime="Wed Jun 07 10:16:23 EAT 2017">
    <info>SELECT PROD_ID, PROD_DESC FROM STAGING.PRODUCT WHERE REC_ST='A' ORDER BY PROD_ID</info>
</event>
<event realm="sms" datetime="Wed Jun 07 10:16:23 EAT 2017">
    <info>SELECT CRNCY_ID, CRNCY_CD, INITCAP(CRNCY_NM) AS CRNCY_NM, CRNCY_POSN FROM STAGING.CURRENCY WHERE REC_ST='A' ORDER BY CRNCY_ID</info>
</event>
<event realm="sms" datetime="Wed Jun 07 10:16:23 EAT 2017">
    <info>SELECT CHARGE_CODE, CHARGE_DESC, CHARGE_ACCOUNT, CHARGE_LEDGER, TAX_LEDGER, TAX_PERC, TAX_NAME, MODULE, MODIFIED_BY, DATE_MODIFIED, REC_ST FROM CHANNELMANAGER.MBR_CHARGE WHERE CHANNEL_ID=13 AND MODULE='SMS' ORDER BY CHARGE_CODE ASC</info>
</event>
<event realm="sms" datetime="Wed Jun 07 10:16:23 EAT 2017">
    <info>SELECT CRNCY_ID, CRNCY_CD, INITCAP(CRNCY_NM) AS CRNCY_NM, CRNCY_POSN FROM STAGING.CURRENCY WHERE REC_ST='A' ORDER BY CRNCY_ID</info>
</event>
<event realm="sms" datetime="Wed Jun 07 10:16:59 EAT 2017">
    <error>
        <class>InterruptedException</class>
        <message>[ sleep interrupted ]</message>
        <stacktrace>
            at java.lang.Thread.sleep(Native Method)
            at Ruby.sms.MXProcessor.run(MXProcessor.java:48)
        </stacktrace>
    </error>
</event>
<event realm="sms" datetime="Wed Jun 07 10:17:04 EAT 2017">
    <info>SELECT CRNCY_ID, CRNCY_CD, INITCAP(CRNCY_NM) AS CRNCY_NM, CRNCY_POSN FROM STAGING.CURRENCY WHERE REC_ST='A' ORDER BY CRNCY_ID</info>
</event>
<event realm="sms" datetime="Wed Jun 07 10:17:04 EAT 2017">
    <info>SELECT CODE, VALUE, MODULE, DESCRIPTION, MODIFIED_BY, DATE_MODIFIED FROM CHANNELMANAGER.MBR_SETTING WHERE MODULE='SMS' ORDER BY CODE ASC</info>
</event>
<event realm="sms" datetime="Wed Jun 07 10:17:04 EAT 2017">
    <info>SELECT CHARGE_CODE, CHARGE_DESC, CHARGE_ACCOUNT, CHARGE_LEDGER, TAX_LEDGER, TAX_PERC, TAX_NAME, MODULE, MODIFIED_BY, DATE_MODIFIED, REC_ST FROM CHANNELMANAGER.MBR_CHARGE WHERE CHANNEL_ID=13 AND MODULE='SMS' ORDER BY CHARGE_CODE ASC</info>
</event>
<event realm="sms" datetime="Wed Jun 07 10:17:04 EAT 2017">
    <info>SELECT ALERT_CODE, ALERT_TYPE, ALERT_DESC, PRIORITY, MIN_AMT, RUN_TIME, CHRG_CODE, FREQUENCY, NEXT_DATE, LAST_DATE, EXPIRY_DATE, FILTER_BY, REC_ST FROM CHANNELMANAGER.MBR_ALERT ORDER BY ALERT_CODE ASC</info>
</event>
<event realm="sms" datetime="Wed Jun 07 10:17:05 EAT 2017">
    <info>SELECT CRNCY_ID, CRNCY_CD, INITCAP(CRNCY_NM) AS CRNCY_NM, CRNCY_POSN FROM STAGING.CURRENCY WHERE REC_ST='A' ORDER BY CRNCY_ID</info>
</event>
<event realm="sms" datetime="Wed Jun 07 10:17:05 EAT 2017">
    <info>SELECT PROD_ID, PROD_DESC FROM STAGING.PRODUCT WHERE REC_ST='A' ORDER BY PROD_ID</info>
</event>
<event realm="sms" datetime="Wed Jun 07 10:17:05 EAT 2017">
    <info>SELECT CRNCY_ID, CRNCY_CD, INITCAP(CRNCY_NM) AS CRNCY_NM, CRNCY_POSN FROM STAGING.CURRENCY WHERE REC_ST='A' ORDER BY CRNCY_ID</info>
</event>
<event realm="sms" datetime="Wed Jun 07 10:17:05 EAT 2017">
    <info>SELECT CHARGE_CODE, CHARGE_DESC, CHARGE_ACCOUNT, CHARGE_LEDGER, TAX_LEDGER, TAX_PERC, TAX_NAME, MODULE, MODIFIED_BY, DATE_MODIFIED, REC_ST FROM CHANNELMANAGER.MBR_CHARGE WHERE CHANNEL_ID=13 AND MODULE='SMS' ORDER BY CHARGE_CODE ASC</info>
</event>
<event realm="sms" datetime="Wed Jun 07 10:17:05 EAT 2017">
    <info>SELECT CRNCY_ID, CRNCY_CD, INITCAP(CRNCY_NM) AS CRNCY_NM, CRNCY_POSN FROM STAGING.CURRENCY WHERE REC_ST='A' ORDER BY CRNCY_ID</info>
</event>
<event realm="sms" datetime="Wed Jun 07 10:17:10 EAT 2017">
    <error>
        <class>InterruptedException</class>
        <message>[ sleep interrupted ]</message>
        <stacktrace>
            at java.lang.Thread.sleep(Native Method)
            at Ruby.sms.MXProcessor.run(MXProcessor.java:48)
        </stacktrace>
    </error>
</event>
<event realm="sms" datetime="Wed Jun 07 10:18:32 EAT 2017">
    <info>SELECT CRNCY_ID, CRNCY_CD, INITCAP(CRNCY_NM) AS CRNCY_NM, CRNCY_POSN FROM STAGING.CURRENCY WHERE REC_ST='A' ORDER BY CRNCY_ID</info>
</event>
<event realm="sms" datetime="Wed Jun 07 10:18:32 EAT 2017">
    <info>SELECT CODE, VALUE, MODULE, DESCRIPTION, MODIFIED_BY, DATE_MODIFIED FROM CHANNELMANAGER.MBR_SETTING WHERE MODULE='SMS' ORDER BY CODE ASC</info>
</event>
<event realm="sms" datetime="Wed Jun 07 10:18:32 EAT 2017">
    <info>SELECT CHARGE_CODE, CHARGE_DESC, CHARGE_ACCOUNT, CHARGE_LEDGER, TAX_LEDGER, TAX_PERC, TAX_NAME, MODULE, MODIFIED_BY, DATE_MODIFIED, REC_ST FROM CHANNELMANAGER.MBR_CHARGE WHERE CHANNEL_ID=13 AND MODULE='SMS' ORDER BY CHARGE_CODE ASC</info>
</event>
<event realm="sms" datetime="Wed Jun 07 10:18:32 EAT 2017">
    <info>SELECT ALERT_CODE, ALERT_TYPE, ALERT_DESC, PRIORITY, MIN_AMT, RUN_TIME, CHRG_CODE, FREQUENCY, NEXT_DATE, LAST_DATE, EXPIRY_DATE, FILTER_BY, REC_ST FROM CHANNELMANAGER.MBR_ALERT ORDER BY ALERT_CODE ASC</info>
</event>
<event realm="sms" datetime="Wed Jun 07 10:18:33 EAT 2017">
    <info>SELECT CRNCY_ID, CRNCY_CD, INITCAP(CRNCY_NM) AS CRNCY_NM, CRNCY_POSN FROM STAGING.CURRENCY WHERE REC_ST='A' ORDER BY CRNCY_ID</info>
</event>
<event realm="sms" datetime="Wed Jun 07 10:18:33 EAT 2017">
    <info>SELECT PROD_ID, PROD_DESC FROM STAGING.PRODUCT WHERE REC_ST='A' ORDER BY PROD_ID</info>
</event>
<event realm="sms" datetime="Wed Jun 07 10:18:33 EAT 2017">
    <info>SELECT CRNCY_ID, CRNCY_CD, INITCAP(CRNCY_NM) AS CRNCY_NM, CRNCY_POSN FROM STAGING.CURRENCY WHERE REC_ST='A' ORDER BY CRNCY_ID</info>
</event>
<event realm="sms" datetime="Wed Jun 07 10:18:33 EAT 2017">
    <info>SELECT CRNCY_ID, CRNCY_CD, INITCAP(CRNCY_NM) AS CRNCY_NM, CRNCY_POSN FROM STAGING.CURRENCY WHERE REC_ST='A' ORDER BY CRNCY_ID</info>
</event>
<event realm="sms" datetime="Wed Jun 07 10:18:33 EAT 2017">
    <info>SELECT CHARGE_CODE, CHARGE_DESC, CHARGE_ACCOUNT, CHARGE_LEDGER, TAX_LEDGER, TAX_PERC, TAX_NAME, MODULE, MODIFIED_BY, DATE_MODIFIED, REC_ST FROM CHANNELMANAGER.MBR_CHARGE WHERE CHANNEL_ID=13 AND MODULE='SMS' ORDER BY CHARGE_CODE ASC</info>
</event>
<event realm="sms" datetime="Wed Jun 07 10:18:46 EAT 2017">
    <error>
        <class>InterruptedException</class>
        <message>[ sleep interrupted ]</message>
        <stacktrace>
            at java.lang.Thread.sleep(Native Method)
            at Ruby.sms.MXProcessor.run(MXProcessor.java:48)
        </stacktrace>
    </error>
</event>
<event realm="sms" datetime="Wed Jun 07 10:19:16 EAT 2017">
    <info>SELECT CRNCY_ID, CRNCY_CD, INITCAP(CRNCY_NM) AS CRNCY_NM, CRNCY_POSN FROM STAGING.CURRENCY WHERE REC_ST='A' ORDER BY CRNCY_ID</info>
</event>
<event realm="sms" datetime="Wed Jun 07 10:19:16 EAT 2017">
    <info>SELECT CODE, VALUE, MODULE, DESCRIPTION, MODIFIED_BY, DATE_MODIFIED FROM CHANNELMANAGER.MBR_SETTING WHERE MODULE='SMS' ORDER BY CODE ASC</info>
</event>
<event realm="sms" datetime="Wed Jun 07 10:19:16 EAT 2017">
    <info>SELECT CHARGE_CODE, CHARGE_DESC, CHARGE_ACCOUNT, CHARGE_LEDGER, TAX_LEDGER, TAX_PERC, TAX_NAME, MODULE, MODIFIED_BY, DATE_MODIFIED, REC_ST FROM CHANNELMANAGER.MBR_CHARGE WHERE CHANNEL_ID=13 AND MODULE='SMS' ORDER BY CHARGE_CODE ASC</info>
</event>
<event realm="sms" datetime="Wed Jun 07 10:19:16 EAT 2017">
    <info>SELECT ALERT_CODE, ALERT_TYPE, ALERT_DESC, PRIORITY, MIN_AMT, RUN_TIME, CHRG_CODE, FREQUENCY, NEXT_DATE, LAST_DATE, EXPIRY_DATE, FILTER_BY, REC_ST FROM CHANNELMANAGER.MBR_ALERT ORDER BY ALERT_CODE ASC</info>
</event>
<event realm="sms" datetime="Wed Jun 07 10:19:16 EAT 2017">
    <info>SELECT CRNCY_ID, CRNCY_CD, INITCAP(CRNCY_NM) AS CRNCY_NM, CRNCY_POSN FROM STAGING.CURRENCY WHERE REC_ST='A' ORDER BY CRNCY_ID</info>
</event>
<event realm="sms" datetime="Wed Jun 07 10:19:16 EAT 2017">
    <info>SELECT PROD_ID, PROD_DESC FROM STAGING.PRODUCT WHERE REC_ST='A' ORDER BY PROD_ID</info>
</event>
<event realm="sms" datetime="Wed Jun 07 10:19:17 EAT 2017">
    <info>SELECT CRNCY_ID, CRNCY_CD, INITCAP(CRNCY_NM) AS CRNCY_NM, CRNCY_POSN FROM STAGING.CURRENCY WHERE REC_ST='A' ORDER BY CRNCY_ID</info>
</event>
<event realm="sms" datetime="Wed Jun 07 10:19:17 EAT 2017">
    <info>SELECT CHARGE_CODE, CHARGE_DESC, CHARGE_ACCOUNT, CHARGE_LEDGER, TAX_LEDGER, TAX_PERC, TAX_NAME, MODULE, MODIFIED_BY, DATE_MODIFIED, REC_ST FROM CHANNELMANAGER.MBR_CHARGE WHERE CHANNEL_ID=13 AND MODULE='SMS' ORDER BY CHARGE_CODE ASC</info>
</event>
<event realm="sms" datetime="Wed Jun 07 10:19:17 EAT 2017">
    <info>SELECT CRNCY_ID, CRNCY_CD, INITCAP(CRNCY_NM) AS CRNCY_NM, CRNCY_POSN FROM STAGING.CURRENCY WHERE REC_ST='A' ORDER BY CRNCY_ID</info>
</event>
<event realm="sms" datetime="Wed Jun 07 10:20:24 EAT 2017">
    <error>
        <class>InterruptedException</class>
        <message>[ sleep interrupted ]</message>
        <stacktrace>
            at java.lang.Thread.sleep(Native Method)
            at Ruby.sms.MXProcessor.run(MXProcessor.java:48)
        </stacktrace>
    </error>
</event>
<event realm="sms" datetime="Wed Jun 07 10:21:47 EAT 2017">
    <error>
        <class>InterruptedException</class>
        <message>[ sleep interrupted ]</message>
        <stacktrace>
            at java.lang.Thread.sleep(Native Method)
            at Ruby.sms.MXProcessor.run(MXProcessor.java:48)
        </stacktrace>
    </error>
</event>
<event realm="sms" datetime="Wed Jun 07 15:58:39 EAT 2017">
    <error>
        <class>InterruptedException</class>
        <message>[ sleep interrupted ]</message>
        <stacktrace>
            at java.lang.Thread.sleep(Native Method)
            at Ruby.sms.MXProcessor.run(MXProcessor.java:48)
        </stacktrace>
    </error>
</event>
<event realm="sms" datetime="Wed Jun 07 16:18:30 EAT 2017">
    <error>
        <class>InterruptedException</class>
        <message>[ sleep interrupted ]</message>
        <stacktrace>
            at java.lang.Thread.sleep(Native Method)
            at Ruby.sms.MXProcessor.run(MXProcessor.java:48)
        </stacktrace>
    </error>
</event>
<event realm="sms" datetime="Wed Jun 07 16:52:44 EAT 2017">
    <error>
        <class>InterruptedException</class>
        <message>[ sleep interrupted ]</message>
        <stacktrace>
            at java.lang.Thread.sleep(Native Method)
            at Ruby.sms.MXProcessor.run(MXProcessor.java:48)
        </stacktrace>
    </error>
</event>
<event realm="sms" datetime="Wed Jun 07 16:53:59 EAT 2017">
    <error>
        <class>InterruptedException</class>
        <message>[ sleep interrupted ]</message>
        <stacktrace>
            at java.lang.Thread.sleep(Native Method)
            at Ruby.sms.MXProcessor.run(MXProcessor.java:48)
        </stacktrace>
    </error>
</event>
<event realm="sms" datetime="Wed Jun 07 17:00:39 EAT 2017">
    <error>
        <class>InterruptedException</class>
        <message>[ sleep interrupted ]</message>
        <stacktrace>
            at java.lang.Thread.sleep(Native Method)
            at Ruby.sms.MXProcessor.run(MXProcessor.java:48)
        </stacktrace>
    </error>
</event>
<event realm="sms" datetime="Wed Jun 07 17:05:06 EAT 2017">
    <error>
        <class>InterruptedException</class>
        <message>[ sleep interrupted ]</message>
        <stacktrace>
            at java.lang.Thread.sleep(Native Method)
            at Ruby.sms.MXProcessor.run(MXProcessor.java:48)
        </stacktrace>
    </error>
</event>
<event realm="sms" datetime="Wed Jun 07 17:11:03 EAT 2017">
    <error>
        <class>InterruptedException</class>
        <message>[ sleep interrupted ]</message>
        <stacktrace>
            at java.lang.Thread.sleep(Native Method)
            at Ruby.sms.MXProcessor.run(MXProcessor.java:48)
        </stacktrace>
    </error>
</event>
<event realm="sms" datetime="Wed Jun 07 17:12:47 EAT 2017">
    <error>
        <class>InterruptedException</class>
        <message>[ sleep interrupted ]</message>
        <stacktrace>
            at java.lang.Thread.sleep(Native Method)
            at Ruby.sms.MXProcessor.run(MXProcessor.java:48)
        </stacktrace>
    </error>
</event>
<event realm="sms" datetime="Wed Jun 07 17:24:13 EAT 2017">
    <error>
        <class>InterruptedException</class>
        <message>[ sleep interrupted ]</message>
        <stacktrace>
            at java.lang.Thread.sleep(Native Method)
            at Ruby.sms.MXProcessor.run(MXProcessor.java:48)
        </stacktrace>
    </error>
</event>
<event realm="sms" datetime="Wed Jun 07 17:33:39 EAT 2017">
    <error>
        <class>InterruptedException</class>
        <message>[ sleep interrupted ]</message>
        <stacktrace>
            at java.lang.Thread.sleep(Native Method)
            at Ruby.sms.MXProcessor.run(MXProcessor.java:48)
        </stacktrace>
    </error>
</event>
<event realm="sms" datetime="Wed Jun 07 17:43:18 EAT 2017">
    <error>
        <class>InterruptedException</class>
        <message>[ sleep interrupted ]</message>
        <stacktrace>
            at java.lang.Thread.sleep(Native Method)
            at Ruby.sms.MXProcessor.run(MXProcessor.java:48)
        </stacktrace>
    </error>
</event>
<event realm="sms" datetime="Wed Jun 07 18:16:33 EAT 2017">
    <error>
        <class>InterruptedException</class>
        <message>[ sleep interrupted ]</message>
        <stacktrace>
            at java.lang.Thread.sleep(Native Method)
            at Ruby.sms.MXProcessor.run(MXProcessor.java:48)
        </stacktrace>
    </error>
</event>
<event realm="sms" datetime="Wed Jun 07 18:22:47 EAT 2017">
    <error>
        <class>InterruptedException</class>
        <message>[ sleep interrupted ]</message>
        <stacktrace>
            at java.lang.Thread.sleep(Native Method)
            at Ruby.sms.MXProcessor.run(MXProcessor.java:48)
        </stacktrace>
    </error>
</event>
</logger>
<event realm="sms" datetime="Thu Jun 08 09:48:16 EAT 2017">
    <error>
        <class>InterruptedException</class>
        <message>[ sleep interrupted ]</message>
        <stacktrace>
            at java.lang.Thread.sleep(Native Method)
            at Ruby.sms.MXProcessor.run(MXProcessor.java:48)
        </stacktrace>
    </error>
</event>
<event realm="sms" datetime="Thu Jun 08 09:48:49 EAT 2017">
    <error>
        <class>InterruptedException</class>
        <message>[ sleep interrupted ]</message>
        <stacktrace>
            at java.lang.Thread.sleep(Native Method)
            at Ruby.sms.MXProcessor.run(MXProcessor.java:48)
        </stacktrace>
    </error>
</event>
<event realm="sms" datetime="Thu Jun 08 09:55:12 EAT 2017">
    <error>
        <class>InterruptedException</class>
        <message>[ sleep interrupted ]</message>
        <stacktrace>
            at java.lang.Thread.sleep(Native Method)
            at Ruby.sms.MXProcessor.run(MXProcessor.java:48)
        </stacktrace>
    </error>
</event>
<event realm="sms" datetime="Thu Jun 08 09:58:35 EAT 2017">
    <error>
        <class>InterruptedException</class>
        <message>[ sleep interrupted ]</message>
        <stacktrace>
            at java.lang.Thread.sleep(Native Method)
            at Ruby.sms.MXProcessor.run(MXProcessor.java:48)
        </stacktrace>
    </error>
</event>
<event realm="sms" datetime="Thu Jun 08 10:10:53 EAT 2017">
    <error>
        <class>InterruptedException</class>
        <message>[ sleep interrupted ]</message>
        <stacktrace>
            at java.lang.Thread.sleep(Native Method)
            at Ruby.sms.MXProcessor.run(MXProcessor.java:48)
        </stacktrace>
    </error>
</event>
<event realm="sms" datetime="Thu Jun 08 10:22:18 EAT 2017">
    <error>
        <class>InterruptedException</class>
        <message>[ sleep interrupted ]</message>
        <stacktrace>
            at java.lang.Thread.sleep(Native Method)
            at Ruby.sms.MXProcessor.run(MXProcessor.java:48)
        </stacktrace>
    </error>
</event>
<event realm="sms" datetime="Thu Jun 08 10:55:40 EAT 2017">
    <error>
        <class>InterruptedException</class>
        <message>[ sleep interrupted ]</message>
        <stacktrace>
            at java.lang.Thread.sleep(Native Method)
            at Ruby.sms.MXProcessor.run(MXProcessor.java:48)
        </stacktrace>
    </error>
</event>
<event realm="sms" datetime="Thu Jun 08 10:59:31 EAT 2017">
    <error>
        <class>InterruptedException</class>
        <message>[ sleep interrupted ]</message>
        <stacktrace>
            at java.lang.Thread.sleep(Native Method)
            at Ruby.sms.MXProcessor.run(MXProcessor.java:48)
        </stacktrace>
    </error>
</event>
<event realm="sms" datetime="Thu Jun 08 12:09:35 EAT 2017">
    <error>
        <class>InterruptedException</class>
        <message>[ sleep interrupted ]</message>
        <stacktrace>
            at java.lang.Thread.sleep(Native Method)
            at Ruby.sms.MXProcessor.run(MXProcessor.java:48)
        </stacktrace>
    </error>
</event>
<event realm="sms" datetime="Thu Jun 08 12:17:19 EAT 2017">
    <error>
        <class>InterruptedException</class>
        <message>[ sleep interrupted ]</message>
        <stacktrace>
            at java.lang.Thread.sleep(Native Method)
            at Ruby.sms.MXProcessor.run(MXProcessor.java:48)
        </stacktrace>
    </error>
</event>
<event realm="sms" datetime="Thu Jun 08 12:29:11 EAT 2017">
    <error>
        <class>InterruptedException</class>
        <message>[ sleep interrupted ]</message>
        <stacktrace>
            at java.lang.Thread.sleep(Native Method)
            at Ruby.sms.MXProcessor.run(MXProcessor.java:48)
        </stacktrace>
    </error>
</event>
<event realm="sms" datetime="Thu Jun 08 12:29:44 EAT 2017">
    <error>
        <class>InterruptedException</class>
        <message>[ sleep interrupted ]</message>
        <stacktrace>
            at java.lang.Thread.sleep(Native Method)
            at Ruby.sms.MXProcessor.run(MXProcessor.java:48)
        </stacktrace>
    </error>
</event>
<event realm="sms" datetime="Thu Jun 08 12:34:01 EAT 2017">
    <error>
        <class>InterruptedException</class>
        <message>[ sleep interrupted ]</message>
        <stacktrace>
            at java.lang.Thread.sleep(Native Method)
            at Ruby.sms.MXProcessor.run(MXProcessor.java:48)
        </stacktrace>
    </error>
</event>
<event realm="sms" datetime="Thu Jun 08 12:34:24 EAT 2017">
    <error>
        <class>InterruptedException</class>
        <message>[ sleep interrupted ]</message>
        <stacktrace>
            at java.lang.Thread.sleep(Native Method)
            at Ruby.sms.MXProcessor.run(MXProcessor.java:48)
        </stacktrace>
    </error>
</event>
<event realm="sms" datetime="Thu Jun 08 13:28:39 EAT 2017">
    <error>
        <class>InterruptedException</class>
        <message>[ sleep interrupted ]</message>
        <stacktrace>
            at java.lang.Thread.sleep(Native Method)
            at Ruby.sms.MXProcessor.run(MXProcessor.java:48)
        </stacktrace>
    </error>
</event>
<event realm="sms" datetime="Thu Jun 08 17:04:23 EAT 2017">
    <error>
        <class>InterruptedException</class>
        <message>[ sleep interrupted ]</message>
        <stacktrace>
            at java.lang.Thread.sleep(Native Method)
            at Ruby.sms.MXProcessor.run(MXProcessor.java:48)
        </stacktrace>
    </error>
</event>
<event realm="sms" datetime="Thu Jun 08 21:50:52 EAT 2017">
    <error>
        <class>SQLRecoverableException</class>
        <message>[ IO Error: The Network Adapter could not establish the connection ]</message>
        <stacktrace>
            at oracle.jdbc.driver.T4CConnection.logon(T4CConnection.java:673)
            at oracle.jdbc.driver.PhysicalConnection.<init>(PhysicalConnection.java:715)
            at oracle.jdbc.driver.T4CConnection.<init>(T4CConnection.java:385)
            at oracle.jdbc.driver.T4CDriverExtension.getConnection(T4CDriverExtension.java:30)
            at oracle.jdbc.driver.OracleDriver.connect(OracleDriver.java:564)
            at java.sql.DriverManager.getConnection(DriverManager.java:664)
            at java.sql.DriverManager.getConnection(DriverManager.java:247)
            at Ruby.TDClient.connectToDB(TDClient.java:78)
            at Ruby.TDClient.checkConnection(TDClient.java:194)
            at Ruby.TDClient.executeUpdate(TDClient.java:207)
            at Ruby.TDClient.expireOldAlerts(TDClient.java:1893)
            at Ruby.sms.MXProcessor.run(MXProcessor.java:43)
        </stacktrace>
    </error>
</event>
<event realm="sms" datetime="Thu Jun 08 22:10:52 EAT 2017">
    <error>
        <class>SQLRecoverableException</class>
        <message>[ IO Error: The Network Adapter could not establish the connection ]</message>
        <stacktrace>
            at oracle.jdbc.driver.T4CConnection.logon(T4CConnection.java:673)
            at oracle.jdbc.driver.PhysicalConnection.<init>(PhysicalConnection.java:715)
            at oracle.jdbc.driver.T4CConnection.<init>(T4CConnection.java:385)
            at oracle.jdbc.driver.T4CDriverExtension.getConnection(T4CDriverExtension.java:30)
            at oracle.jdbc.driver.OracleDriver.connect(OracleDriver.java:564)
            at java.sql.DriverManager.getConnection(DriverManager.java:664)
            at java.sql.DriverManager.getConnection(DriverManager.java:247)
            at Ruby.TDClient.connectToDB(TDClient.java:78)
            at Ruby.TDClient.checkConnection(TDClient.java:194)
            at Ruby.TDClient.executeUpdate(TDClient.java:207)
            at Ruby.TDClient.expireOldAlerts(TDClient.java:1893)
            at Ruby.sms.MXProcessor.run(MXProcessor.java:43)
        </stacktrace>
    </error>
</event>
<event realm="sms" datetime="Thu Jun 08 22:34:16 EAT 2017">
    <error>
        <class>SQLRecoverableException</class>
        <message>[ IO Error: The Network Adapter could not establish the connection ]</message>
        <stacktrace>
            at oracle.jdbc.driver.T4CConnection.logon(T4CConnection.java:673)
            at oracle.jdbc.driver.PhysicalConnection.<init>(PhysicalConnection.java:715)
            at oracle.jdbc.driver.T4CConnection.<init>(T4CConnection.java:385)
            at oracle.jdbc.driver.T4CDriverExtension.getConnection(T4CDriverExtension.java:30)
            at oracle.jdbc.driver.OracleDriver.connect(OracleDriver.java:564)
            at java.sql.DriverManager.getConnection(DriverManager.java:664)
            at java.sql.DriverManager.getConnection(DriverManager.java:247)
            at Ruby.TDClient.connectToDB(TDClient.java:78)
            at Ruby.TDClient.checkConnection(TDClient.java:194)
            at Ruby.TDClient.executeUpdate(TDClient.java:207)
            at Ruby.TDClient.expireOldAlerts(TDClient.java:1893)
            at Ruby.sms.MXProcessor.run(MXProcessor.java:43)
        </stacktrace>
    </error>
</event>
</logger>
